2024-02-27 21:26:13.339  INFO 24124 --- [restartedMain] com.scent.ScentApplication               : Starting ScentApplication using Java 17.0.7 with PID 24124 (C:\Users\dlcjs\OneDrive\바탕 화면\workspace\scent\bin\main started by dlcjs in C:\Users\dlcjs\OneDrive\바탕 화면\workspace\scent)
2024-02-27 21:26:13.342  INFO 24124 --- [restartedMain] com.scent.ScentApplication               : No active profile set, falling back to 1 default profile: "default"
2024-02-27 21:26:13.373  INFO 24124 --- [restartedMain] .e.DevToolsPropertyDefaultsPostProcessor : Devtools property defaults active! Set 'spring.devtools.add-properties' to 'false' to disable
2024-02-27 21:26:13.373  INFO 24124 --- [restartedMain] .e.DevToolsPropertyDefaultsPostProcessor : For additional web related logging consider setting the 'logging.level.web' property to 'DEBUG'
2024-02-27 21:26:13.777  INFO 24124 --- [restartedMain] .s.d.r.c.RepositoryConfigurationDelegate : Bootstrapping Spring Data JPA repositories in DEFAULT mode.
2024-02-27 21:26:13.845  INFO 24124 --- [restartedMain] .s.d.r.c.RepositoryConfigurationDelegate : Finished Spring Data repository scanning in 62 ms. Found 9 JPA repository interfaces.
2024-02-27 21:26:14.248  INFO 24124 --- [restartedMain] o.s.b.w.embedded.tomcat.TomcatWebServer  : Tomcat initialized with port(s): 8080 (http)
2024-02-27 21:26:14.254  INFO 24124 --- [restartedMain] o.apache.catalina.core.StandardService   : Starting service [Tomcat]
2024-02-27 21:26:14.255  INFO 24124 --- [restartedMain] o.apache.catalina.core.StandardEngine    : Starting Servlet engine: [Apache Tomcat/10.1.12]
2024-02-27 21:26:14.297  INFO 24124 --- [restartedMain] o.a.c.c.C.[Tomcat].[localhost].[/]       : Initializing Spring embedded WebApplicationContext
2024-02-27 21:26:14.298  INFO 24124 --- [restartedMain] w.s.c.ServletWebServerApplicationContext : Root WebApplicationContext: initialization completed in 922 ms
2024-02-27 21:26:14.318  INFO 24124 --- [restartedMain] com.zaxxer.hikari.HikariDataSource       : HikariPool-1 - Starting...
2024-02-27 21:26:14.463  INFO 24124 --- [restartedMain] com.zaxxer.hikari.pool.HikariPool        : HikariPool-1 - Added connection conn0: url=jdbc:h2:~/local user=SA
2024-02-27 21:26:14.464  INFO 24124 --- [restartedMain] com.zaxxer.hikari.HikariDataSource       : HikariPool-1 - Start completed.
2024-02-27 21:26:14.471  INFO 24124 --- [restartedMain] o.s.b.a.h2.H2ConsoleAutoConfiguration    : H2 console available at '/h2-console'. Database available at 'jdbc:h2:~/local'
2024-02-27 21:26:14.552  INFO 24124 --- [restartedMain] o.hibernate.jpa.internal.util.LogHelper  : HHH000204: Processing PersistenceUnitInfo [name: default]
2024-02-27 21:26:14.581  INFO 24124 --- [restartedMain] org.hibernate.Version                    : HHH000412: Hibernate ORM core version 6.2.7.Final
2024-02-27 21:26:14.582  INFO 24124 --- [restartedMain] org.hibernate.cfg.Environment            : HHH000406: Using bytecode reflection optimizer
2024-02-27 21:26:14.662  INFO 24124 --- [restartedMain] o.h.b.i.BytecodeProviderInitiator        : HHH000021: Bytecode provider name : bytebuddy
2024-02-27 21:26:14.742  INFO 24124 --- [restartedMain] o.s.o.j.p.SpringPersistenceUnitInfo      : No LoadTimeWeaver setup: ignoring JPA class transformer
2024-02-27 21:26:14.908  INFO 24124 --- [restartedMain] o.h.b.i.BytecodeProviderInitiator        : HHH000021: Bytecode provider name : bytebuddy
2024-02-27 21:26:15.420  INFO 24124 --- [restartedMain] o.h.e.t.j.p.i.JtaPlatformInitiator       : HHH000490: Using JtaPlatform implementation: [org.hibernate.engine.transaction.jta.platform.internal.NoJtaPlatform]
2024-02-27 21:26:15.488  INFO 24124 --- [restartedMain] j.LocalContainerEntityManagerFactoryBean : Initialized JPA EntityManagerFactory for persistence unit 'default'
2024-02-27 21:26:15.944  WARN 24124 --- [restartedMain] ocalVariableTableParameterNameDiscoverer : Using deprecated '-debug' fallback for parameter name resolution. Compile the affected code with '-parameters' instead or avoid its introspection: com.scent.jwt.UserRepository
2024-02-27 21:26:16.021  WARN 24124 --- [restartedMain] ocalVariableTableParameterNameDiscoverer : Using deprecated '-debug' fallback for parameter name resolution. Compile the affected code with '-parameters' instead or avoid its introspection: com.scent.mainpicture.MainPictureRepository
2024-02-27 21:26:16.062  WARN 24124 --- [restartedMain] ocalVariableTableParameterNameDiscoverer : Using deprecated '-debug' fallback for parameter name resolution. Compile the affected code with '-parameters' instead or avoid its introspection: com.scent.subpicture.SubPictureRepository
2024-02-27 21:26:16.086  WARN 24124 --- [restartedMain] ocalVariableTableParameterNameDiscoverer : Using deprecated '-debug' fallback for parameter name resolution. Compile the affected code with '-parameters' instead or avoid its introspection: com.scent.video.VideoRepository
2024-02-27 21:26:16.106  WARN 24124 --- [restartedMain] JpaBaseConfiguration$JpaWebConfiguration : spring.jpa.open-in-view is enabled by default. Therefore, database queries may be performed during view rendering. Explicitly configure spring.jpa.open-in-view to disable this warning
2024-02-27 21:26:16.289  INFO 24124 --- [restartedMain] o.s.s.web.DefaultSecurityFilterChain     : Will secure any request with [org.springframework.security.web.session.DisableEncodeUrlFilter@50bc8fcb, org.springframework.security.web.context.request.async.WebAsyncManagerIntegrationFilter@62819472, org.springframework.security.web.context.SecurityContextHolderFilter@418930a9, org.springframework.security.web.header.HeaderWriterFilter@5ac7b359, org.springframework.web.filter.CorsFilter@a86146b, org.springframework.security.web.authentication.logout.LogoutFilter@368fab07, com.scent.jwt.JwtFilter@136158d7, org.springframework.security.web.savedrequest.RequestCacheAwareFilter@3ebf409d, org.springframework.security.web.servletapi.SecurityContextHolderAwareRequestFilter@489d3a79, org.springframework.security.web.authentication.AnonymousAuthenticationFilter@27174fa7, org.springframework.security.web.session.SessionManagementFilter@feda38a, org.springframework.security.web.access.ExceptionTranslationFilter@4cef5e3, org.springframework.security.web.access.intercept.AuthorizationFilter@6b541060]
2024-02-27 21:26:16.441  INFO 24124 --- [restartedMain] o.s.b.d.a.OptionalLiveReloadServer       : LiveReload server is running on port 35729
2024-02-27 21:26:16.469  INFO 24124 --- [restartedMain] o.s.b.w.embedded.tomcat.TomcatWebServer  : Tomcat started on port(s): 8080 (http) with context path ''
2024-02-27 21:26:16.477  INFO 24124 --- [restartedMain] com.scent.ScentApplication               : Started ScentApplication in 3.387 seconds (process running for 3.875)
2024-02-27 21:26:23.171  INFO 24124 --- [http-nio-8080-exec-3] o.a.c.c.C.[Tomcat].[localhost].[/]       : Initializing Spring DispatcherServlet 'dispatcherServlet'
2024-02-27 21:26:23.171  INFO 24124 --- [http-nio-8080-exec-3] o.s.web.servlet.DispatcherServlet        : Initializing Servlet 'dispatcherServlet'
2024-02-27 21:26:23.173  INFO 24124 --- [http-nio-8080-exec-3] o.s.web.servlet.DispatcherServlet        : Completed initialization in 2 ms
