2024-03-19 00:21:53.164  INFO 19888 --- [restartedMain] com.scent.ScentApplication               : Starting ScentApplication using Java 17.0.7 with PID 19888 (C:\Users\dlcjs\OneDrive\바탕 화면\workspace\scent\bin\main started by dlcjs in C:\Users\dlcjs\OneDrive\바탕 화면\workspace\scent)
2024-03-19 00:21:53.167  INFO 19888 --- [restartedMain] com.scent.ScentApplication               : No active profile set, falling back to 1 default profile: "default"
2024-03-19 00:21:53.209  INFO 19888 --- [restartedMain] .e.DevToolsPropertyDefaultsPostProcessor : Devtools property defaults active! Set 'spring.devtools.add-properties' to 'false' to disable
2024-03-19 00:21:53.209  INFO 19888 --- [restartedMain] .e.DevToolsPropertyDefaultsPostProcessor : For additional web related logging consider setting the 'logging.level.web' property to 'DEBUG'
2024-03-19 00:21:53.676  INFO 19888 --- [restartedMain] .s.d.r.c.RepositoryConfigurationDelegate : Bootstrapping Spring Data JPA repositories in DEFAULT mode.
2024-03-19 00:21:53.733  INFO 19888 --- [restartedMain] .s.d.r.c.RepositoryConfigurationDelegate : Finished Spring Data repository scanning in 51 ms. Found 9 JPA repository interfaces.
2024-03-19 00:21:54.172  INFO 19888 --- [restartedMain] o.s.b.w.embedded.tomcat.TomcatWebServer  : Tomcat initialized with port(s): 8080 (http)
2024-03-19 00:21:54.180  INFO 19888 --- [restartedMain] o.apache.catalina.core.StandardService   : Starting service [Tomcat]
2024-03-19 00:21:54.180  INFO 19888 --- [restartedMain] o.apache.catalina.core.StandardEngine    : Starting Servlet engine: [Apache Tomcat/10.1.12]
2024-03-19 00:21:54.229  INFO 19888 --- [restartedMain] o.a.c.c.C.[Tomcat].[localhost].[/]       : Initializing Spring embedded WebApplicationContext
2024-03-19 00:21:54.229  INFO 19888 --- [restartedMain] w.s.c.ServletWebServerApplicationContext : Root WebApplicationContext: initialization completed in 1019 ms
2024-03-19 00:21:54.252  INFO 19888 --- [restartedMain] com.zaxxer.hikari.HikariDataSource       : HikariPool-1 - Starting...
2024-03-19 00:21:54.448  INFO 19888 --- [restartedMain] com.zaxxer.hikari.pool.HikariPool        : HikariPool-1 - Added connection conn0: url=jdbc:h2:~/local user=SA
2024-03-19 00:21:54.450  INFO 19888 --- [restartedMain] com.zaxxer.hikari.HikariDataSource       : HikariPool-1 - Start completed.
2024-03-19 00:21:54.459  INFO 19888 --- [restartedMain] o.s.b.a.h2.H2ConsoleAutoConfiguration    : H2 console available at '/h2-console'. Database available at 'jdbc:h2:~/local'
2024-03-19 00:21:54.546  INFO 19888 --- [restartedMain] o.hibernate.jpa.internal.util.LogHelper  : HHH000204: Processing PersistenceUnitInfo [name: default]
2024-03-19 00:21:54.594  INFO 19888 --- [restartedMain] org.hibernate.Version                    : HHH000412: Hibernate ORM core version 6.2.7.Final
2024-03-19 00:21:54.596  INFO 19888 --- [restartedMain] org.hibernate.cfg.Environment            : HHH000406: Using bytecode reflection optimizer
2024-03-19 00:21:54.708  INFO 19888 --- [restartedMain] o.h.b.i.BytecodeProviderInitiator        : HHH000021: Bytecode provider name : bytebuddy
2024-03-19 00:21:54.812  INFO 19888 --- [restartedMain] o.s.o.j.p.SpringPersistenceUnitInfo      : No LoadTimeWeaver setup: ignoring JPA class transformer
2024-03-19 00:21:55.015  INFO 19888 --- [restartedMain] o.h.b.i.BytecodeProviderInitiator        : HHH000021: Bytecode provider name : bytebuddy
2024-03-19 00:21:55.575  INFO 19888 --- [restartedMain] o.h.e.t.j.p.i.JtaPlatformInitiator       : HHH000490: Using JtaPlatform implementation: [org.hibernate.engine.transaction.jta.platform.internal.NoJtaPlatform]
2024-03-19 00:21:55.626  INFO 19888 --- [restartedMain] j.LocalContainerEntityManagerFactoryBean : Initialized JPA EntityManagerFactory for persistence unit 'default'
2024-03-19 00:21:56.183  WARN 19888 --- [restartedMain] ocalVariableTableParameterNameDiscoverer : Using deprecated '-debug' fallback for parameter name resolution. Compile the affected code with '-parameters' instead or avoid its introspection: com.scent.jwt.UserRepository
2024-03-19 00:21:56.282  WARN 19888 --- [restartedMain] ocalVariableTableParameterNameDiscoverer : Using deprecated '-debug' fallback for parameter name resolution. Compile the affected code with '-parameters' instead or avoid its introspection: com.scent.mainpicture.MainPictureRepository
2024-03-19 00:21:56.320  WARN 19888 --- [restartedMain] ocalVariableTableParameterNameDiscoverer : Using deprecated '-debug' fallback for parameter name resolution. Compile the affected code with '-parameters' instead or avoid its introspection: com.scent.subpicture.SubPictureRepository
2024-03-19 00:21:56.343  WARN 19888 --- [restartedMain] ocalVariableTableParameterNameDiscoverer : Using deprecated '-debug' fallback for parameter name resolution. Compile the affected code with '-parameters' instead or avoid its introspection: com.scent.video.VideoRepository
2024-03-19 00:21:56.367  WARN 19888 --- [restartedMain] JpaBaseConfiguration$JpaWebConfiguration : spring.jpa.open-in-view is enabled by default. Therefore, database queries may be performed during view rendering. Explicitly configure spring.jpa.open-in-view to disable this warning
2024-03-19 00:21:56.573  INFO 19888 --- [restartedMain] o.s.s.web.DefaultSecurityFilterChain     : Will secure any request with [org.springframework.security.web.session.DisableEncodeUrlFilter@145d4d7, org.springframework.security.web.context.request.async.WebAsyncManagerIntegrationFilter@5b079255, org.springframework.security.web.context.SecurityContextHolderFilter@4fd75f24, org.springframework.security.web.header.HeaderWriterFilter@744f4134, org.springframework.web.filter.CorsFilter@1b408fe9, org.springframework.security.web.authentication.logout.LogoutFilter@2f4a7c76, com.scent.jwt.JwtFilter@66c1df9f, org.springframework.security.web.savedrequest.RequestCacheAwareFilter@e3fd760, org.springframework.security.web.servletapi.SecurityContextHolderAwareRequestFilter@49c3a3c5, org.springframework.security.web.authentication.AnonymousAuthenticationFilter@498d5cfc, org.springframework.security.web.session.SessionManagementFilter@65bc5400, org.springframework.security.web.access.ExceptionTranslationFilter@1e7d8a6d, org.springframework.security.web.access.intercept.AuthorizationFilter@65921c72]
2024-03-19 00:21:56.755  INFO 19888 --- [restartedMain] o.s.b.d.a.OptionalLiveReloadServer       : LiveReload server is running on port 35729
2024-03-19 00:21:56.783  INFO 19888 --- [restartedMain] o.s.b.w.embedded.tomcat.TomcatWebServer  : Tomcat started on port(s): 8080 (http) with context path ''
2024-03-19 00:21:56.792  INFO 19888 --- [restartedMain] com.scent.ScentApplication               : Started ScentApplication in 3.962 seconds (process running for 4.526)
2024-03-19 00:22:01.248  INFO 19888 --- [RMI TCP Connection(7)-127.0.0.1] inMXBeanRegistrar$SpringApplicationAdmin : Application shutdown requested.
2024-03-19 00:22:01.263  INFO 19888 --- [RMI TCP Connection(7)-127.0.0.1] o.apache.catalina.core.StandardService   : Stopping service [Tomcat]
2024-03-19 00:22:01.278  INFO 19888 --- [RMI TCP Connection(7)-127.0.0.1] j.LocalContainerEntityManagerFactoryBean : Closing JPA EntityManagerFactory for persistence unit 'default'
2024-03-19 00:22:01.281  INFO 19888 --- [RMI TCP Connection(7)-127.0.0.1] com.zaxxer.hikari.HikariDataSource       : HikariPool-1 - Shutdown initiated...
2024-03-19 00:22:01.282  INFO 19888 --- [RMI TCP Connection(7)-127.0.0.1] com.zaxxer.hikari.HikariDataSource       : HikariPool-1 - Shutdown completed.
