2024-03-01 23:51:58.933  INFO 13076 --- [restartedMain] com.scent.ScentApplication               : Starting ScentApplication using Java 17.0.7 with PID 13076 (C:\Users\dlcjs\OneDrive\바탕 화면\workspace\scent\bin\main started by dlcjs in C:\Users\dlcjs\OneDrive\바탕 화면\workspace\scent)
2024-03-01 23:51:58.935  INFO 13076 --- [restartedMain] com.scent.ScentApplication               : No active profile set, falling back to 1 default profile: "default"
2024-03-01 23:51:58.964  INFO 13076 --- [restartedMain] .e.DevToolsPropertyDefaultsPostProcessor : Devtools property defaults active! Set 'spring.devtools.add-properties' to 'false' to disable
2024-03-01 23:51:58.965  INFO 13076 --- [restartedMain] .e.DevToolsPropertyDefaultsPostProcessor : For additional web related logging consider setting the 'logging.level.web' property to 'DEBUG'
2024-03-01 23:51:59.385  INFO 13076 --- [restartedMain] .s.d.r.c.RepositoryConfigurationDelegate : Bootstrapping Spring Data JPA repositories in DEFAULT mode.
2024-03-01 23:51:59.436  INFO 13076 --- [restartedMain] .s.d.r.c.RepositoryConfigurationDelegate : Finished Spring Data repository scanning in 46 ms. Found 9 JPA repository interfaces.
2024-03-01 23:51:59.807  INFO 13076 --- [restartedMain] o.s.b.w.embedded.tomcat.TomcatWebServer  : Tomcat initialized with port(s): 8080 (http)
2024-03-01 23:51:59.814  INFO 13076 --- [restartedMain] o.apache.catalina.core.StandardService   : Starting service [Tomcat]
2024-03-01 23:51:59.814  INFO 13076 --- [restartedMain] o.apache.catalina.core.StandardEngine    : Starting Servlet engine: [Apache Tomcat/10.1.12]
2024-03-01 23:51:59.858  INFO 13076 --- [restartedMain] o.a.c.c.C.[Tomcat].[localhost].[/]       : Initializing Spring embedded WebApplicationContext
2024-03-01 23:51:59.859  INFO 13076 --- [restartedMain] w.s.c.ServletWebServerApplicationContext : Root WebApplicationContext: initialization completed in 893 ms
2024-03-01 23:51:59.878  INFO 13076 --- [restartedMain] com.zaxxer.hikari.HikariDataSource       : HikariPool-1 - Starting...
2024-03-01 23:52:00.036  INFO 13076 --- [restartedMain] com.zaxxer.hikari.pool.HikariPool        : HikariPool-1 - Added connection conn0: url=jdbc:h2:~/local user=SA
2024-03-01 23:52:00.038  INFO 13076 --- [restartedMain] com.zaxxer.hikari.HikariDataSource       : HikariPool-1 - Start completed.
2024-03-01 23:52:00.044  INFO 13076 --- [restartedMain] o.s.b.a.h2.H2ConsoleAutoConfiguration    : H2 console available at '/h2-console'. Database available at 'jdbc:h2:~/local'
2024-03-01 23:52:00.121  INFO 13076 --- [restartedMain] o.hibernate.jpa.internal.util.LogHelper  : HHH000204: Processing PersistenceUnitInfo [name: default]
2024-03-01 23:52:00.149  INFO 13076 --- [restartedMain] org.hibernate.Version                    : HHH000412: Hibernate ORM core version 6.2.7.Final
2024-03-01 23:52:00.152  INFO 13076 --- [restartedMain] org.hibernate.cfg.Environment            : HHH000406: Using bytecode reflection optimizer
2024-03-01 23:52:00.227  INFO 13076 --- [restartedMain] o.h.b.i.BytecodeProviderInitiator        : HHH000021: Bytecode provider name : bytebuddy
2024-03-01 23:52:00.302  INFO 13076 --- [restartedMain] o.s.o.j.p.SpringPersistenceUnitInfo      : No LoadTimeWeaver setup: ignoring JPA class transformer
2024-03-01 23:52:00.465  INFO 13076 --- [restartedMain] o.h.b.i.BytecodeProviderInitiator        : HHH000021: Bytecode provider name : bytebuddy
2024-03-01 23:52:00.950  INFO 13076 --- [restartedMain] o.h.e.t.j.p.i.JtaPlatformInitiator       : HHH000490: Using JtaPlatform implementation: [org.hibernate.engine.transaction.jta.platform.internal.NoJtaPlatform]
2024-03-01 23:52:01.001  INFO 13076 --- [restartedMain] j.LocalContainerEntityManagerFactoryBean : Initialized JPA EntityManagerFactory for persistence unit 'default'
2024-03-01 23:52:01.454  WARN 13076 --- [restartedMain] ocalVariableTableParameterNameDiscoverer : Using deprecated '-debug' fallback for parameter name resolution. Compile the affected code with '-parameters' instead or avoid its introspection: com.scent.jwt.UserRepository
2024-03-01 23:52:01.528  WARN 13076 --- [restartedMain] ocalVariableTableParameterNameDiscoverer : Using deprecated '-debug' fallback for parameter name resolution. Compile the affected code with '-parameters' instead or avoid its introspection: com.scent.mainpicture.MainPictureRepository
2024-03-01 23:52:01.566  WARN 13076 --- [restartedMain] ocalVariableTableParameterNameDiscoverer : Using deprecated '-debug' fallback for parameter name resolution. Compile the affected code with '-parameters' instead or avoid its introspection: com.scent.subpicture.SubPictureRepository
2024-03-01 23:52:01.588  WARN 13076 --- [restartedMain] ocalVariableTableParameterNameDiscoverer : Using deprecated '-debug' fallback for parameter name resolution. Compile the affected code with '-parameters' instead or avoid its introspection: com.scent.video.VideoRepository
2024-03-01 23:52:01.607  WARN 13076 --- [restartedMain] JpaBaseConfiguration$JpaWebConfiguration : spring.jpa.open-in-view is enabled by default. Therefore, database queries may be performed during view rendering. Explicitly configure spring.jpa.open-in-view to disable this warning
2024-03-01 23:52:01.763  INFO 13076 --- [restartedMain] o.s.s.web.DefaultSecurityFilterChain     : Will secure any request with [org.springframework.security.web.session.DisableEncodeUrlFilter@1dafb0df, org.springframework.security.web.context.request.async.WebAsyncManagerIntegrationFilter@77a1376f, org.springframework.security.web.context.SecurityContextHolderFilter@23f15928, org.springframework.security.web.header.HeaderWriterFilter@6207ba3, org.springframework.web.filter.CorsFilter@59fffff8, org.springframework.security.web.authentication.logout.LogoutFilter@55076ca, com.scent.jwt.JwtFilter@11969c53, org.springframework.security.web.savedrequest.RequestCacheAwareFilter@7db6ff81, org.springframework.security.web.servletapi.SecurityContextHolderAwareRequestFilter@4361bf13, org.springframework.security.web.authentication.AnonymousAuthenticationFilter@715feff6, org.springframework.security.web.session.SessionManagementFilter@241d9c8, org.springframework.security.web.access.ExceptionTranslationFilter@bd17e33, org.springframework.security.web.access.intercept.AuthorizationFilter@7516b3c]
2024-03-01 23:52:01.898  INFO 13076 --- [restartedMain] o.s.b.d.a.OptionalLiveReloadServer       : LiveReload server is running on port 35729
2024-03-01 23:52:01.925  INFO 13076 --- [restartedMain] o.s.b.w.embedded.tomcat.TomcatWebServer  : Tomcat started on port(s): 8080 (http) with context path ''
2024-03-01 23:52:01.931  INFO 13076 --- [restartedMain] com.scent.ScentApplication               : Started ScentApplication in 3.228 seconds (process running for 3.743)
2024-03-01 23:52:05.108  INFO 13076 --- [RMI TCP Connection(8)-127.0.0.1] inMXBeanRegistrar$SpringApplicationAdmin : Application shutdown requested.
2024-03-01 23:52:05.120  INFO 13076 --- [RMI TCP Connection(8)-127.0.0.1] o.apache.catalina.core.StandardService   : Stopping service [Tomcat]
2024-03-01 23:52:05.126  INFO 13076 --- [RMI TCP Connection(8)-127.0.0.1] j.LocalContainerEntityManagerFactoryBean : Closing JPA EntityManagerFactory for persistence unit 'default'
2024-03-01 23:52:05.128  INFO 13076 --- [RMI TCP Connection(8)-127.0.0.1] com.zaxxer.hikari.HikariDataSource       : HikariPool-1 - Shutdown initiated...
2024-03-01 23:52:05.130  INFO 13076 --- [RMI TCP Connection(8)-127.0.0.1] com.zaxxer.hikari.HikariDataSource       : HikariPool-1 - Shutdown completed.
2024-03-01 23:55:09.620  INFO 7280 --- [restartedMain] com.scent.ScentApplication               : Starting ScentApplication using Java 17.0.7 with PID 7280 (C:\Users\dlcjs\OneDrive\바탕 화면\workspace\scent\bin\main started by dlcjs in C:\Users\dlcjs\OneDrive\바탕 화면\workspace\scent)
2024-03-01 23:55:09.622  INFO 7280 --- [restartedMain] com.scent.ScentApplication               : No active profile set, falling back to 1 default profile: "default"
2024-03-01 23:55:09.653  INFO 7280 --- [restartedMain] .e.DevToolsPropertyDefaultsPostProcessor : Devtools property defaults active! Set 'spring.devtools.add-properties' to 'false' to disable
2024-03-01 23:55:09.653  INFO 7280 --- [restartedMain] .e.DevToolsPropertyDefaultsPostProcessor : For additional web related logging consider setting the 'logging.level.web' property to 'DEBUG'
2024-03-01 23:55:10.092  INFO 7280 --- [restartedMain] .s.d.r.c.RepositoryConfigurationDelegate : Bootstrapping Spring Data JPA repositories in DEFAULT mode.
2024-03-01 23:55:10.142  INFO 7280 --- [restartedMain] .s.d.r.c.RepositoryConfigurationDelegate : Finished Spring Data repository scanning in 46 ms. Found 9 JPA repository interfaces.
2024-03-01 23:55:10.509  INFO 7280 --- [restartedMain] o.s.b.w.embedded.tomcat.TomcatWebServer  : Tomcat initialized with port(s): 8080 (http)
2024-03-01 23:55:10.517  INFO 7280 --- [restartedMain] o.apache.catalina.core.StandardService   : Starting service [Tomcat]
2024-03-01 23:55:10.518  INFO 7280 --- [restartedMain] o.apache.catalina.core.StandardEngine    : Starting Servlet engine: [Apache Tomcat/10.1.12]
2024-03-01 23:55:10.559  INFO 7280 --- [restartedMain] o.a.c.c.C.[Tomcat].[localhost].[/]       : Initializing Spring embedded WebApplicationContext
2024-03-01 23:55:10.560  INFO 7280 --- [restartedMain] w.s.c.ServletWebServerApplicationContext : Root WebApplicationContext: initialization completed in 906 ms
2024-03-01 23:55:10.579  INFO 7280 --- [restartedMain] com.zaxxer.hikari.HikariDataSource       : HikariPool-1 - Starting...
2024-03-01 23:55:10.763  INFO 7280 --- [restartedMain] com.zaxxer.hikari.pool.HikariPool        : HikariPool-1 - Added connection conn0: url=jdbc:h2:~/local user=SA
2024-03-01 23:55:10.764  INFO 7280 --- [restartedMain] com.zaxxer.hikari.HikariDataSource       : HikariPool-1 - Start completed.
2024-03-01 23:55:10.771  INFO 7280 --- [restartedMain] o.s.b.a.h2.H2ConsoleAutoConfiguration    : H2 console available at '/h2-console'. Database available at 'jdbc:h2:~/local'
2024-03-01 23:55:10.850  INFO 7280 --- [restartedMain] o.hibernate.jpa.internal.util.LogHelper  : HHH000204: Processing PersistenceUnitInfo [name: default]
2024-03-01 23:55:10.883  INFO 7280 --- [restartedMain] org.hibernate.Version                    : HHH000412: Hibernate ORM core version 6.2.7.Final
2024-03-01 23:55:10.885  INFO 7280 --- [restartedMain] org.hibernate.cfg.Environment            : HHH000406: Using bytecode reflection optimizer
2024-03-01 23:55:10.961  INFO 7280 --- [restartedMain] o.h.b.i.BytecodeProviderInitiator        : HHH000021: Bytecode provider name : bytebuddy
2024-03-01 23:55:11.040  INFO 7280 --- [restartedMain] o.s.o.j.p.SpringPersistenceUnitInfo      : No LoadTimeWeaver setup: ignoring JPA class transformer
2024-03-01 23:55:11.215  INFO 7280 --- [restartedMain] o.h.b.i.BytecodeProviderInitiator        : HHH000021: Bytecode provider name : bytebuddy
2024-03-01 23:55:11.709  INFO 7280 --- [restartedMain] o.h.e.t.j.p.i.JtaPlatformInitiator       : HHH000490: Using JtaPlatform implementation: [org.hibernate.engine.transaction.jta.platform.internal.NoJtaPlatform]
2024-03-01 23:55:11.758  INFO 7280 --- [restartedMain] j.LocalContainerEntityManagerFactoryBean : Initialized JPA EntityManagerFactory for persistence unit 'default'
2024-03-01 23:55:12.218  WARN 7280 --- [restartedMain] ocalVariableTableParameterNameDiscoverer : Using deprecated '-debug' fallback for parameter name resolution. Compile the affected code with '-parameters' instead or avoid its introspection: com.scent.jwt.UserRepository
2024-03-01 23:55:12.298  WARN 7280 --- [restartedMain] ocalVariableTableParameterNameDiscoverer : Using deprecated '-debug' fallback for parameter name resolution. Compile the affected code with '-parameters' instead or avoid its introspection: com.scent.mainpicture.MainPictureRepository
2024-03-01 23:55:12.341  WARN 7280 --- [restartedMain] ocalVariableTableParameterNameDiscoverer : Using deprecated '-debug' fallback for parameter name resolution. Compile the affected code with '-parameters' instead or avoid its introspection: com.scent.subpicture.SubPictureRepository
2024-03-01 23:55:12.368  WARN 7280 --- [restartedMain] ocalVariableTableParameterNameDiscoverer : Using deprecated '-debug' fallback for parameter name resolution. Compile the affected code with '-parameters' instead or avoid its introspection: com.scent.video.VideoRepository
2024-03-01 23:55:12.389  WARN 7280 --- [restartedMain] JpaBaseConfiguration$JpaWebConfiguration : spring.jpa.open-in-view is enabled by default. Therefore, database queries may be performed during view rendering. Explicitly configure spring.jpa.open-in-view to disable this warning
2024-03-01 23:55:12.579  INFO 7280 --- [restartedMain] o.s.s.web.DefaultSecurityFilterChain     : Will secure any request with [org.springframework.security.web.session.DisableEncodeUrlFilter@26c56a93, org.springframework.security.web.context.request.async.WebAsyncManagerIntegrationFilter@1615f9b8, org.springframework.security.web.context.SecurityContextHolderFilter@69080aa8, org.springframework.security.web.header.HeaderWriterFilter@17d86f94, org.springframework.web.filter.CorsFilter@4d54a557, org.springframework.security.web.authentication.logout.LogoutFilter@570cd90b, com.scent.jwt.JwtFilter@6f8187a7, org.springframework.security.web.savedrequest.RequestCacheAwareFilter@72e0341f, org.springframework.security.web.servletapi.SecurityContextHolderAwareRequestFilter@5ca2a6c7, org.springframework.security.web.authentication.AnonymousAuthenticationFilter@629df936, org.springframework.security.web.session.SessionManagementFilter@58c0d4d7, org.springframework.security.web.access.ExceptionTranslationFilter@42307c01, org.springframework.security.web.access.intercept.AuthorizationFilter@6a4eb0ef]
2024-03-01 23:55:12.732  INFO 7280 --- [restartedMain] o.s.b.d.a.OptionalLiveReloadServer       : LiveReload server is running on port 35729
2024-03-01 23:55:12.761  INFO 7280 --- [restartedMain] o.s.b.w.embedded.tomcat.TomcatWebServer  : Tomcat started on port(s): 8080 (http) with context path ''
2024-03-01 23:55:12.767  INFO 7280 --- [restartedMain] com.scent.ScentApplication               : Started ScentApplication in 3.413 seconds (process running for 3.873)
2024-03-01 23:57:17.453  INFO 7280 --- [RMI TCP Connection(11)-127.0.0.1] inMXBeanRegistrar$SpringApplicationAdmin : Application shutdown requested.
2024-03-01 23:57:17.463  INFO 7280 --- [RMI TCP Connection(11)-127.0.0.1] o.apache.catalina.core.StandardService   : Stopping service [Tomcat]
2024-03-01 23:57:17.469  INFO 7280 --- [RMI TCP Connection(11)-127.0.0.1] j.LocalContainerEntityManagerFactoryBean : Closing JPA EntityManagerFactory for persistence unit 'default'
2024-03-01 23:57:17.471  INFO 7280 --- [RMI TCP Connection(11)-127.0.0.1] com.zaxxer.hikari.HikariDataSource       : HikariPool-1 - Shutdown initiated...
2024-03-01 23:57:17.472  INFO 7280 --- [RMI TCP Connection(11)-127.0.0.1] com.zaxxer.hikari.HikariDataSource       : HikariPool-1 - Shutdown completed.
